2025-09-30 10:00:12,063 - app_logger - INFO - creating QApp
2025-09-30 10:00:12,074 - app_logger - INFO - Attaching MainWindow to App
2025-09-30 10:00:12,074 - app_logger.MainWindow - INFO - Setting up widgets.
2025-09-30 10:00:12,074 - app_logger.ControlsWidget - INFO - Setting up widgets.
2025-09-30 10:00:12,085 - app_logger.ControlsWidget - INFO - Setting up signals.
2025-09-30 10:00:12,085 - app_logger.ControlsWidget - INFO - Setting up layout.
2025-09-30 10:00:12,085 - app_logger.ControlsWidget - INFO - Finalising.
2025-09-30 10:00:12,251 - app_logger.EMGDisplayWidget - INFO - Setting up widgets.
2025-09-30 10:00:12,271 - app_logger.EMGDisplayWidget - INFO - Setting up signals.
2025-09-30 10:00:12,271 - app_logger.EMGDisplayWidget - INFO - Setting up layout.
2025-09-30 10:00:12,271 - app_logger.EMGDisplayWidget - INFO - Finalising.
2025-09-30 10:00:12,271 - app_logger.ProgressDisplayWidget - INFO - Setting up widgets.
2025-09-30 10:00:12,271 - app_logger.ProgressDisplayWidget - INFO - Setting up signals.
2025-09-30 10:00:12,271 - app_logger.ProgressDisplayWidget - INFO - Setting up layout.
2025-09-30 10:00:12,271 - app_logger.ProgressDisplayWidget - INFO - Finalising.
2025-09-30 10:00:12,271 - app_logger.SerialComWidget - INFO - Setting up widgets.
2025-09-30 10:00:12,271 - app_logger.SerialComWidget - INFO - Setting up signals.
2025-09-30 10:00:12,271 - app_logger.SerialComWidget - INFO - Setting up layout.
2025-09-30 10:00:12,271 - app_logger.SerialComWidget - INFO - Finalising.
2025-09-30 10:00:12,271 - app_logger.StimulusDisplayWidget - INFO - Setting up widgets.
2025-09-30 10:00:13,089 - app_logger.StimulusDisplayWidget - INFO - Setting up signals.
2025-09-30 10:00:13,089 - app_logger.StimulusDisplayWidget - INFO - Setting up layout.
2025-09-30 10:00:13,089 - app_logger.StimulusDisplayWidget - INFO - Finalising.
2025-09-30 10:00:13,089 - app_logger.UtilDisplayWidget - INFO - Setting up widgets.
2025-09-30 10:00:13,089 - app_logger.UtilDisplayWidget - INFO - Setting up signals.
2025-09-30 10:00:13,089 - app_logger.UtilDisplayWidget - INFO - Setting up layout.
2025-09-30 10:00:13,089 - app_logger.UtilDisplayWidget - INFO - Finalising.
2025-09-30 10:00:13,089 - app_logger.ParticipantWindowWidget - INFO - Setting up widgets.
2025-09-30 10:00:13,089 - app_logger.StimulusDisplayWidget - INFO - Setting up widgets.
2025-09-30 10:00:13,897 - app_logger.StimulusDisplayWidget - INFO - Setting up signals.
2025-09-30 10:00:13,897 - app_logger.StimulusDisplayWidget - INFO - Setting up layout.
2025-09-30 10:00:13,897 - app_logger.StimulusDisplayWidget - INFO - Finalising.
2025-09-30 10:00:13,897 - app_logger.ProgressDisplayWidget - INFO - Setting up widgets.
2025-09-30 10:00:13,897 - app_logger.ProgressDisplayWidget - INFO - Setting up signals.
2025-09-30 10:00:13,897 - app_logger.ProgressDisplayWidget - INFO - Setting up layout.
2025-09-30 10:00:13,897 - app_logger.ProgressDisplayWidget - INFO - Finalising.
2025-09-30 10:00:13,897 - app_logger.ParticipantWindowWidget - INFO - Setting up signals.
2025-09-30 10:00:13,897 - app_logger.ParticipantWindowWidget - INFO - Setting up layout.
2025-09-30 10:00:13,897 - app_logger.ParticipantWindowWidget - INFO - Finalising.
2025-09-30 10:00:13,897 - app_logger.MainWindow - INFO - Setting up signals.
2025-09-30 10:00:13,897 - app_logger.MainWindow - INFO - Setting up layout.
2025-09-30 10:00:13,897 - app_logger.MainWindow - INFO - Finalising.
2025-09-30 10:00:14,031 - app_logger - INFO - Executing event loop
