2025-09-30 09:59:10,490 - app_logger - INFO - creating QApp
2025-09-30 09:59:10,501 - app_logger - INFO - Attaching MainWindow to App
2025-09-30 09:59:10,501 - app_logger.MainWindow - INFO - Setting up widgets.
2025-09-30 09:59:10,501 - app_logger.ControlsWidget - INFO - Setting up widgets.
2025-09-30 09:59:10,511 - app_logger.ControlsWidget - INFO - Setting up signals.
2025-09-30 09:59:10,512 - app_logger.ControlsWidget - INFO - Setting up layout.
2025-09-30 09:59:10,512 - app_logger.ControlsWidget - INFO - Finalising.
2025-09-30 09:59:10,736 - app_logger.EMGDisplayWidget - INFO - Setting up widgets.
2025-09-30 09:59:10,756 - app_logger.EMGDisplayWidget - INFO - Setting up signals.
2025-09-30 09:59:10,756 - app_logger.EMGDisplayWidget - INFO - Setting up layout.
2025-09-30 09:59:10,756 - app_logger.EMGDisplayWidget - INFO - Finalising.
2025-09-30 09:59:10,756 - app_logger.ProgressDisplayWidget - INFO - Setting up widgets.
2025-09-30 09:59:10,756 - app_logger.ProgressDisplayWidget - INFO - Setting up signals.
2025-09-30 09:59:10,756 - app_logger.ProgressDisplayWidget - INFO - Setting up layout.
2025-09-30 09:59:10,756 - app_logger.ProgressDisplayWidget - INFO - Finalising.
2025-09-30 09:59:10,756 - app_logger.SerialComWidget - INFO - Setting up widgets.
2025-09-30 09:59:10,756 - app_logger.SerialComWidget - INFO - Setting up signals.
2025-09-30 09:59:10,756 - app_logger.SerialComWidget - INFO - Setting up layout.
2025-09-30 09:59:10,756 - app_logger.SerialComWidget - INFO - Finalising.
2025-09-30 09:59:10,756 - app_logger.StimulusDisplayWidget - INFO - Setting up widgets.
2025-09-30 09:59:11,743 - app_logger.StimulusDisplayWidget - INFO - Setting up signals.
2025-09-30 09:59:11,743 - app_logger.StimulusDisplayWidget - INFO - Setting up layout.
2025-09-30 09:59:11,743 - app_logger.StimulusDisplayWidget - INFO - Finalising.
2025-09-30 09:59:11,743 - app_logger.UtilDisplayWidget - INFO - Setting up widgets.
2025-09-30 09:59:11,743 - app_logger.UtilDisplayWidget - INFO - Setting up signals.
2025-09-30 09:59:11,743 - app_logger.UtilDisplayWidget - INFO - Setting up layout.
2025-09-30 09:59:11,743 - app_logger.UtilDisplayWidget - INFO - Finalising.
2025-09-30 09:59:11,743 - app_logger.ParticipantWindowWidget - INFO - Setting up widgets.
2025-09-30 09:59:11,743 - app_logger.StimulusDisplayWidget - INFO - Setting up widgets.
2025-09-30 09:59:12,553 - app_logger.StimulusDisplayWidget - INFO - Setting up signals.
2025-09-30 09:59:12,553 - app_logger.StimulusDisplayWidget - INFO - Setting up layout.
2025-09-30 09:59:12,553 - app_logger.StimulusDisplayWidget - INFO - Finalising.
2025-09-30 09:59:12,553 - app_logger.ProgressDisplayWidget - INFO - Setting up widgets.
2025-09-30 09:59:12,553 - app_logger.ProgressDisplayWidget - INFO - Setting up signals.
2025-09-30 09:59:12,553 - app_logger.ProgressDisplayWidget - INFO - Setting up layout.
2025-09-30 09:59:12,553 - app_logger.ProgressDisplayWidget - INFO - Finalising.
2025-09-30 09:59:12,553 - app_logger.ParticipantWindowWidget - INFO - Setting up signals.
2025-09-30 09:59:12,553 - app_logger.ParticipantWindowWidget - INFO - Setting up layout.
2025-09-30 09:59:12,553 - app_logger.ParticipantWindowWidget - INFO - Finalising.
2025-09-30 09:59:12,553 - app_logger.MainWindow - INFO - Setting up signals.
